2026-02-16 21:33:01,676 - INFO - Unit=1, Issue=positive, Score=8
2026-02-18 14:58:49,830 - INFO - Unit=1, Issue=positive, Score=8
2026-02-18 15:12:06,453 - INFO - [BULK] Unit=1, Issue=no_example, Score=6
2026-02-18 15:12:06,454 - INFO - [BULK] Unit=1, Issue=no_explanation, Score=6.5
2026-02-18 15:12:06,455 - INFO - [BULK] Unit=1, Issue=no_example, Score=6
2026-02-18 15:23:49,925 - INFO - Unit=1, Issue=positive, Score=8
2026-02-18 16:39:16,650 - INFO - [ANALYZE] Unit=3, ParagraphID=2ea07c06-6f45-4da7-b6c4-24c752a4c157
2026-02-18 16:41:14,802 - INFO - [REFLECTION] ParagraphID=2ea07c06-6f45-4da7-b6c4-24c752a4c157
2026-02-18 17:47:53,731 - INFO - [ANALYZE] Unit=3, ParagraphID=2b06cf00-1cc7-41fc-bad7-00002805a43d
2026-02-18 17:52:23,757 - INFO - [ANALYZE] Unit=3, ParagraphID=d76685f0-e103-4f25-ac58-ca22f96d2c8c
2026-02-19 09:28:13,064 - INFO - [ANALYZE] ParagraphID=6ac40dd3-8a79-4820-8657-e386fce1475f | Unit=3
2026-02-19 09:31:40,053 - INFO - [ANALYZE] ParagraphID=904e66b4-1964-4751-9ed8-3d2734537220 | Unit=3
2026-02-19 09:32:50,178 - INFO - [ANALYZE] ParagraphID=a2b6898e-1492-4fc0-af58-e3a4a5a77c7c | Unit=3
2026-02-19 09:35:58,713 - INFO - [ANALYZE] ParagraphID=638eb21d-8dc6-4f8a-ab0c-ac4cda9f7505 | Unit=3
2026-02-19 09:38:30,802 - INFO - [ANALYZE] ParagraphID=7faf2e91-3338-4080-92a0-ad4d50805992 | Unit=3
2026-02-19 09:46:41,215 - INFO - [ANALYZE] ParagraphID=04257736-c943-4d8a-8778-9bfc3387a286 | Unit=3
2026-02-19 09:51:44,365 - INFO - [ANALYZE] ParagraphID=3cadc02c-596a-41b5-8de9-4a29192387d5 | Unit=3
2026-02-19 10:05:02,184 - INFO - [ANALYZE] ParagraphID=8411d595-d2c2-48cd-a7a1-f4493f1bcade | Unit=3
2026-02-19 10:10:41,096 - INFO - [ANALYZE] ParagraphID=34628ef8-1a33-4ff4-b9d1-3550a7e0ff93 | Unit=3
2026-02-22 21:21:23,540 - INFO - [ESSAY_ANALYZE] Mode=structure
2026-02-22 21:22:04,344 - INFO - [ESSAY_ANALYZE] Mode=tutor
2026-02-22 21:22:05,696 - INFO - [ESSAY_ANALYZE] Mode=tutor
2026-02-22 21:22:21,263 - INFO - [ESSAY_ANALYZE] Mode=rewrite
2026-02-22 21:23:17,065 - INFO - [ESSAY_ANALYZE] Mode=structure
2026-02-22 21:23:36,126 - INFO - [ESSAY_ANALYZE] Mode=tutor
2026-02-22 21:23:37,594 - INFO - [ESSAY_ANALYZE] Mode=tutor
2026-02-23 09:38:17,763 - INFO - [ANALYZE] ParagraphID=dc257027-006d-4cef-a671-2b07786755f6 | Unit=3
2026-02-23 14:08:13,432 - INFO - [ANALYZE] ParagraphID=5678a709-47db-4420-9d43-359122b8ce83 | Unit=3
2026-02-23 15:19:27,766 - INFO - [ANALYZE] ParagraphID=64a83141-b852-4331-943e-0f7db273105a | Unit=1
2026-02-23 15:26:42,151 - INFO - [ANALYZE] ParagraphID=425be222-43e5-434d-9415-2cb79aea5478 | Unit=1
2026-02-24 13:15:34,893 - INFO - [ANALYZE] ParagraphID=33200ef3-73b7-4fed-b209-e0133dfdf848 | Unit=1
2026-02-24 13:19:20,613 - INFO - [ANALYZE] ParagraphID=2d816c74-5e73-400a-b4e3-d3f56bbed403 | Unit=1
2026-02-25 11:11:07,623 - INFO - [ANALYZE] ParagraphID=c41b1389-6707-4ecb-8378-76ebc9cf349d | Unit=1
2026-02-25 11:41:13,279 - INFO - [ANALYZE] ParagraphID=4de33daa-361c-4eb4-a937-0e4483596fb5 | Unit=1
2026-02-25 11:42:18,414 - INFO - [ESSAY] Mode=structure
2026-02-25 11:45:13,184 - INFO - [ESSAY] Mode=structure
2026-02-25 14:16:32,014 - INFO - [ANALYZE] ParagraphID=b285ccc7-44fa-4694-adf5-3fbfbcc00a57 | Unit=1
2026-02-27 16:37:10,165 - INFO - [ANALYZE] ParagraphID=6760186b-5b6d-4c48-8b66-48e3a1acbd08 | Unit=1
2026-02-27 16:38:28,287 - INFO - [ANALYZE] ParagraphID=17b734a5-3a98-4ed9-bef5-4e3127672827 | Unit=1
2026-02-27 16:55:25,339 - INFO - [ANALYZE] ParagraphID=be81e67c-d279-4c7c-adca-4b0b5c24afad | Unit=1
2026-02-27 16:57:35,408 - INFO - [ANALYZE] ParagraphID=9fc711c4-be94-46fa-b74a-22666fb45a1e | Unit=1
2026-02-27 17:06:23,522 - INFO - [ANALYZE] ParagraphID=4b936d34-e053-4438-9023-33afd039b90f | Unit=1
2026-02-27 21:29:48,455 - INFO - [ANALYZE] ParagraphID=2d46d923-0f55-4268-8f7d-816c6ae91e2a | Unit=1
2026-02-28 14:52:26,133 - INFO - [ANALYZE] ParagraphID=0e4d9906-1385-4622-9132-54172d3a5c20 | Unit=1
2026-02-28 14:56:09,020 - INFO - [ANALYZE] ParagraphID=dbcbf1ef-0a86-4e52-903f-e687a10d4066 | Unit=1
2026-02-28 14:58:54,635 - INFO - [ANALYZE] ParagraphID=13f2a783-970e-4f01-bf2f-73aa44ac2f8b | Unit=1
